# configure exec: ./configure --prefix=/home/vnd/Documents/data/pyco/pizza-order-processor/node_modules/node-rdkafka/build/deps --libdir=/home/vnd/Documents/data/pyco/pizza-order-processor/node_modules/node-rdkafka/build/deps --prefix=/home/vnd/Documents/data/pyco/pizza-order-processor/node_modules/node-rdkafka/build/deps --libdir=/home/vnd/Documents/data/pyco/pizza-order-processor/node_modules/node-rdkafka/build/deps
# On Thứ ba, 09 Tháng 7 năm 2019 21:34:23 +07
DBG: ccenv: WITH_CC:  --version failed: mklove/modules/configure.base: line 1204: --version: command not found
DBG: Check ccenv (WITH_CC, action cont (originally cont)) failed: command ' --version' failed:
mklove/modules/configure.base: line 1204: --version: command not found
DBG: cxxenv: WITH_CXX:  --version failed: mklove/modules/configure.base: line 1204: --version: command not found
DBG: Check cxxenv (WITH_CXX, action cont (originally cont)) failed: command ' --version' failed:
mklove/modules/configure.base: line 1204: --version: command not found
DBG: pkgconfig: WITH_PKGCONFIG: pkg-config --version failed: mklove/modules/configure.base: line 1204: pkg-config: command not found
DBG: Check pkgconfig (WITH_PKGCONFIG, action cont (originally cont)) failed: command 'pkg-config --version' failed:
mklove/modules/configure.base: line 1204: pkg-config: command not found
DBG: Compile check PIC (HAVE_PIC): gcc  -g -O2 -Wall -Werror _mkltmpuDKWGi.c -o _mkltmpuDKWGi.c.o  -L/home/vnd/Documents/data/pyco/pizza-order-processor/node_modules/node-rdkafka/build/deps -fPIC
DBG: Compile check gnulib (WITH_GNULD): gcc  -g -O2 -fPIC -Wall -Werror _mkltmpqTfmJ8.c -o _mkltmpqTfmJ8.c.o  -L/home/vnd/Documents/data/pyco/pizza-order-processor/node_modules/node-rdkafka/build/deps -shared -Wl,-soname,mkltest.0
DBG: Compile check ldsflagvs (): gcc  -g -O2 -fPIC -Wall -Werror _mkltmpoLOQlA.c -o _mkltmpoLOQlA.c.o  -L/home/vnd/Documents/data/pyco/pizza-order-processor/node_modules/node-rdkafka/build/deps -shared -Wl,--version-script=_mkltmp0sl5uS
DBG: Compile check __atomic_32 (HAVE_ATOMICS_32): gcc  -g -O2 -fPIC -Wall -Werror _mkltmpSawcbd.c -o _mkltmpSawcbd.c.o  -L/home/vnd/Documents/data/pyco/pizza-order-processor/node_modules/node-rdkafka/build/deps 
DBG: Compile check __atomic_64 (HAVE_ATOMICS_64): gcc  -g -O2 -fPIC -Wall -Werror _mkltmpiWcl3A.c -o _mkltmpiWcl3A.c.o  -L/home/vnd/Documents/data/pyco/pizza-order-processor/node_modules/node-rdkafka/build/deps 
DBG: Compile check socket (): gcc  -g -O2 -fPIC -Wall -Wsign-compare -Wfloat-equal -Wpointer-arith -Wcast-align -Wall -Werror _mkltmpwsCkbA.c -o _mkltmpwsCkbA.c.o  -L/home/vnd/Documents/data/pyco/pizza-order-processor/node_modules/node-rdkafka/build/deps 
DBG: Compile check librt (): gcc  -g -O2 -fPIC -Wall -Wsign-compare -Wfloat-equal -Wpointer-arith -Wcast-align -Wall -Werror _mkltmpU1L7ha.c -o _mkltmpU1L7ha.c.o  -L/home/vnd/Documents/data/pyco/pizza-order-processor/node_modules/node-rdkafka/build/deps -lrt
DBG: Compile check c11threads (WITH_C11THREADS): gcc  -g -O2 -fPIC -Wall -Wsign-compare -Wfloat-equal -Wpointer-arith -Wcast-align -Wall -Werror _mkltmpvMZl2X.c -o _mkltmpvMZl2X.c.o  -L/home/vnd/Documents/data/pyco/pizza-order-processor/node_modules/node-rdkafka/build/deps 
DBG: compile check for c11threads (WITH_C11THREADS) failed: gcc  -g -O2 -fPIC -Wall -Wsign-compare -Wfloat-equal -Wpointer-arith -Wcast-align -Wall -Werror _mkltmpvMZl2X.c -o _mkltmpvMZl2X.c.o  -L/home/vnd/Documents/data/pyco/pizza-order-processor/node_modules/node-rdkafka/build/deps : _mkltmpvMZl2X.c:2:10: fatal error: threads.h: No such file or directory
 #include <threads.h>
          ^~~~~~~~~~~
compilation terminated.
DBG: Check c11threads (WITH_C11THREADS, action disable (originally disable)) failed: compile check failed:
CC: CC
flags: 
gcc  -g -O2 -fPIC -Wall -Wsign-compare -Wfloat-equal -Wpointer-arith -Wcast-align -Wall -Werror _mkltmpvMZl2X.c -o _mkltmpvMZl2X.c.o  -L/home/vnd/Documents/data/pyco/pizza-order-processor/node_modules/node-rdkafka/build/deps :
_mkltmpvMZl2X.c:2:10: fatal error: threads.h: No such file or directory
 #include <threads.h>
          ^~~~~~~~~~~
compilation terminated.
source: 
#include <threads.h>


static int start_func (void *arg) {
   int iarg = *(int *)arg;
   return iarg;
}

void foo (void) {
    thrd_t thr;
    int arg = 1;
    if (thrd_create(&thr, start_func, (void *)&arg) != thrd_success) {
      ;
    }
}

DBG: Compile check libpthread (): gcc  -g -O2 -fPIC -Wall -Wsign-compare -Wfloat-equal -Wpointer-arith -Wcast-align -Wall -Werror _mkltmpJFYqZc.c -o _mkltmpJFYqZc.c.o  -L/home/vnd/Documents/data/pyco/pizza-order-processor/node_modules/node-rdkafka/build/deps -lpthread
DBG: Compile check libdl (WITH_LIBDL): gcc  -g -O2 -fPIC -Wall -Wsign-compare -Wfloat-equal -Wpointer-arith -Wcast-align -Wall -Werror _mkltmplhK2YV.c -o _mkltmplhK2YV.c.o  -L/home/vnd/Documents/data/pyco/pizza-order-processor/node_modules/node-rdkafka/build/deps -ldl
DBG: Compile check zlib (WITH_ZLIB): gcc  -g -O2 -fPIC -Wall -Wsign-compare -Wfloat-equal -Wpointer-arith -Wcast-align -Wall -Werror _mkltmpF9Vm0f.c -o _mkltmpF9Vm0f.c.o  -L/home/vnd/Documents/data/pyco/pizza-order-processor/node_modules/node-rdkafka/build/deps -lz
DBG: compile check for zlib (WITH_ZLIB) failed: gcc  -g -O2 -fPIC -Wall -Wsign-compare -Wfloat-equal -Wpointer-arith -Wcast-align -Wall -Werror _mkltmpF9Vm0f.c -o _mkltmpF9Vm0f.c.o  -L/home/vnd/Documents/data/pyco/pizza-order-processor/node_modules/node-rdkafka/build/deps -lz: _mkltmpF9Vm0f.c:1:10: fatal error: zlib.h: No such file or directory
 #include <zlib.h>
          ^~~~~~~~
compilation terminated.
DBG: Check zlib (WITH_ZLIB, action disable (originally disable)) failed: compile check failed:
CC: CC
flags: -lz
gcc  -g -O2 -fPIC -Wall -Wsign-compare -Wfloat-equal -Wpointer-arith -Wcast-align -Wall -Werror _mkltmpF9Vm0f.c -o _mkltmpF9Vm0f.c.o  -L/home/vnd/Documents/data/pyco/pizza-order-processor/node_modules/node-rdkafka/build/deps -lz:
_mkltmpF9Vm0f.c:1:10: fatal error: zlib.h: No such file or directory
 #include <zlib.h>
          ^~~~~~~~
compilation terminated.
source: #include <zlib.h>
DBG: Compile check libcrypto (): gcc  -g -O2 -fPIC -Wall -Wsign-compare -Wfloat-equal -Wpointer-arith -Wcast-align -Wall -Werror _mkltmpK6roen.c -o _mkltmpK6roen.c.o  -L/home/vnd/Documents/data/pyco/pizza-order-processor/node_modules/node-rdkafka/build/deps -lcrypto
DBG: Compile check libzstd (WITH_ZSTD): gcc  -g -O2 -fPIC -Wall -Wsign-compare -Wfloat-equal -Wpointer-arith -Wcast-align -Wall -Werror _mkltmptmn08J.c -o _mkltmptmn08J.c.o  -L/home/vnd/Documents/data/pyco/pizza-order-processor/node_modules/node-rdkafka/build/deps -lzstd
DBG: compile check for libzstd (WITH_ZSTD) failed: gcc  -g -O2 -fPIC -Wall -Wsign-compare -Wfloat-equal -Wpointer-arith -Wcast-align -Wall -Werror _mkltmptmn08J.c -o _mkltmptmn08J.c.o  -L/home/vnd/Documents/data/pyco/pizza-order-processor/node_modules/node-rdkafka/build/deps -lzstd: _mkltmptmn08J.c:2:10: fatal error: zstd.h: No such file or directory
 #include <zstd.h>
          ^~~~~~~~
compilation terminated.
DBG: Check libzstd (WITH_ZSTD, action disable (originally disable)) failed: compile check failed:
CC: CC
flags: -lzstd
gcc  -g -O2 -fPIC -Wall -Wsign-compare -Wfloat-equal -Wpointer-arith -Wcast-align -Wall -Werror _mkltmptmn08J.c -o _mkltmptmn08J.c.o  -L/home/vnd/Documents/data/pyco/pizza-order-processor/node_modules/node-rdkafka/build/deps -lzstd:
_mkltmptmn08J.c:2:10: fatal error: zstd.h: No such file or directory
 #include <zstd.h>
          ^~~~~~~~
compilation terminated.
source: 
#include <zstd.h>
#include <zstd_errors.h>

void foo (void) {
     ZSTD_getFrameContentSize(NULL, 0);
}

DBG: Compile check libm (): gcc  -g -O2 -fPIC -Wall -Wsign-compare -Wfloat-equal -Wpointer-arith -Wcast-align -Wall -Werror _mkltmpEPDQYn.c -o _mkltmpEPDQYn.c.o  -L/home/vnd/Documents/data/pyco/pizza-order-processor/node_modules/node-rdkafka/build/deps -lm
DBG: Compile check liblz4 (WITH_LZ4_EXT): gcc  -g -O2 -fPIC -Wall -Wsign-compare -Wfloat-equal -Wpointer-arith -Wcast-align -Wall -Werror _mkltmpSZFm9T.c -o _mkltmpSZFm9T.c.o  -L/home/vnd/Documents/data/pyco/pizza-order-processor/node_modules/node-rdkafka/build/deps -llz4
DBG: compile check for liblz4 (WITH_LZ4_EXT) failed: gcc  -g -O2 -fPIC -Wall -Wsign-compare -Wfloat-equal -Wpointer-arith -Wcast-align -Wall -Werror _mkltmpSZFm9T.c -o _mkltmpSZFm9T.c.o  -L/home/vnd/Documents/data/pyco/pizza-order-processor/node_modules/node-rdkafka/build/deps -llz4: _mkltmpSZFm9T.c:1:10: fatal error: lz4frame.h: No such file or directory
 #include <lz4frame.h>
          ^~~~~~~~~~~~
compilation terminated.
DBG: Check liblz4 (WITH_LZ4_EXT, action disable (originally disable)) failed: compile check failed:
CC: CC
flags: -llz4
gcc  -g -O2 -fPIC -Wall -Wsign-compare -Wfloat-equal -Wpointer-arith -Wcast-align -Wall -Werror _mkltmpSZFm9T.c -o _mkltmpSZFm9T.c.o  -L/home/vnd/Documents/data/pyco/pizza-order-processor/node_modules/node-rdkafka/build/deps -llz4:
_mkltmpSZFm9T.c:1:10: fatal error: lz4frame.h: No such file or directory
 #include <lz4frame.h>
          ^~~~~~~~~~~~
compilation terminated.
source: #include <lz4frame.h>
DBG: Compile check rapidjson (WITH_RAPIDJSON): g++  -g -O2 -fPIC -Wall -Wsign-compare -Wfloat-equal -Wpointer-arith -Wcast-align -Wall -Werror _mkltmp4DZnZf.cpp -o _mkltmp4DZnZf.cpp.o  -L/home/vnd/Documents/data/pyco/pizza-order-processor/node_modules/node-rdkafka/build/deps 
DBG: compile check for rapidjson (WITH_RAPIDJSON) failed: g++  -g -O2 -fPIC -Wall -Wsign-compare -Wfloat-equal -Wpointer-arith -Wcast-align -Wall -Werror _mkltmp4DZnZf.cpp -o _mkltmp4DZnZf.cpp.o  -L/home/vnd/Documents/data/pyco/pizza-order-processor/node_modules/node-rdkafka/build/deps : _mkltmp4DZnZf.cpp:1:10: fatal error: rapidjson/schema.h: No such file or directory
 #include <rapidjson/schema.h>
          ^~~~~~~~~~~~~~~~~~~~
compilation terminated.
DBG: Check rapidjson (WITH_RAPIDJSON, action disable (originally disable)) failed: compile check failed:
CC: CXX
flags: 
g++  -g -O2 -fPIC -Wall -Wsign-compare -Wfloat-equal -Wpointer-arith -Wcast-align -Wall -Werror _mkltmp4DZnZf.cpp -o _mkltmp4DZnZf.cpp.o  -L/home/vnd/Documents/data/pyco/pizza-order-processor/node_modules/node-rdkafka/build/deps :
_mkltmp4DZnZf.cpp:1:10: fatal error: rapidjson/schema.h: No such file or directory
 #include <rapidjson/schema.h>
          ^~~~~~~~~~~~~~~~~~~~
compilation terminated.
source: #include <rapidjson/schema.h>
DBG: Compile check libssl (WITH_SSL): gcc  -g -O2 -fPIC -Wall -Wsign-compare -Wfloat-equal -Wpointer-arith -Wcast-align -Wall -Werror _mkltmpI4ByIL.c -o _mkltmpI4ByIL.c.o  -L/home/vnd/Documents/data/pyco/pizza-order-processor/node_modules/node-rdkafka/build/deps -lssl
DBG: Compile check libsasl2 (WITH_SASL_CYRUS): gcc  -g -O2 -fPIC -Wall -Wsign-compare -Wfloat-equal -Wpointer-arith -Wcast-align -Wall -Werror _mkltmp5BM0er.c -o _mkltmp5BM0er.c.o  -L/home/vnd/Documents/data/pyco/pizza-order-processor/node_modules/node-rdkafka/build/deps -lsasl2
DBG: compile check for libsasl2 (WITH_SASL_CYRUS) failed: gcc  -g -O2 -fPIC -Wall -Wsign-compare -Wfloat-equal -Wpointer-arith -Wcast-align -Wall -Werror _mkltmp5BM0er.c -o _mkltmp5BM0er.c.o  -L/home/vnd/Documents/data/pyco/pizza-order-processor/node_modules/node-rdkafka/build/deps -lsasl2: _mkltmp5BM0er.c:1:10: fatal error: sasl/sasl.h: No such file or directory
 #include <sasl/sasl.h>
          ^~~~~~~~~~~~~
compilation terminated.
DBG: Check libsasl2 (WITH_SASL_CYRUS, action disable (originally disable)) failed: compile check failed:
CC: CC
flags: -lsasl2
gcc  -g -O2 -fPIC -Wall -Wsign-compare -Wfloat-equal -Wpointer-arith -Wcast-align -Wall -Werror _mkltmp5BM0er.c -o _mkltmp5BM0er.c.o  -L/home/vnd/Documents/data/pyco/pizza-order-processor/node_modules/node-rdkafka/build/deps -lsasl2:
_mkltmp5BM0er.c:1:10: fatal error: sasl/sasl.h: No such file or directory
 #include <sasl/sasl.h>
          ^~~~~~~~~~~~~
compilation terminated.
source: #include <sasl/sasl.h>
DBG: Compile check libsasl (WITH_SASL_CYRUS): gcc  -g -O2 -fPIC -Wall -Wsign-compare -Wfloat-equal -Wpointer-arith -Wcast-align -Wall -Werror _mkltmp9DnGEI.c -o _mkltmp9DnGEI.c.o  -L/home/vnd/Documents/data/pyco/pizza-order-processor/node_modules/node-rdkafka/build/deps -lsasl
DBG: compile check for libsasl (WITH_SASL_CYRUS) failed: gcc  -g -O2 -fPIC -Wall -Wsign-compare -Wfloat-equal -Wpointer-arith -Wcast-align -Wall -Werror _mkltmp9DnGEI.c -o _mkltmp9DnGEI.c.o  -L/home/vnd/Documents/data/pyco/pizza-order-processor/node_modules/node-rdkafka/build/deps -lsasl: _mkltmp9DnGEI.c:1:10: fatal error: sasl/sasl.h: No such file or directory
 #include <sasl/sasl.h>
          ^~~~~~~~~~~~~
compilation terminated.
DBG: Check libsasl (WITH_SASL_CYRUS, action disable (originally disable)) failed: compile check failed:
CC: CC
flags: -lsasl
gcc  -g -O2 -fPIC -Wall -Wsign-compare -Wfloat-equal -Wpointer-arith -Wcast-align -Wall -Werror _mkltmp9DnGEI.c -o _mkltmp9DnGEI.c.o  -L/home/vnd/Documents/data/pyco/pizza-order-processor/node_modules/node-rdkafka/build/deps -lsasl:
_mkltmp9DnGEI.c:1:10: fatal error: sasl/sasl.h: No such file or directory
 #include <sasl/sasl.h>
          ^~~~~~~~~~~~~
compilation terminated.
source: #include <sasl/sasl.h>
DBG: Compile check crc32chw (WITH_CRC32C_HW): gcc  -g -O2 -fPIC -Wall -Wsign-compare -Wfloat-equal -Wpointer-arith -Wcast-align -Wall -Werror _mkltmpsOv6xt.c -o _mkltmpsOv6xt.c.o  -L/home/vnd/Documents/data/pyco/pizza-order-processor/node_modules/node-rdkafka/build/deps 
DBG: Compile check regex (HAVE_REGEX): gcc  -g -O2 -fPIC -Wall -Wsign-compare -Wfloat-equal -Wpointer-arith -Wcast-align -Wall -Werror _mkltmpyZAhR1.c -o _mkltmpyZAhR1.c.o  -L/home/vnd/Documents/data/pyco/pizza-order-processor/node_modules/node-rdkafka/build/deps 
DBG: Compile check strndup (HAVE_STRNDUP): gcc  -g -O2 -fPIC -Wall -Wsign-compare -Wfloat-equal -Wpointer-arith -Wcast-align -Wall -Werror _mkltmpQU3ymG.c -o _mkltmpQU3ymG.c.o  -L/home/vnd/Documents/data/pyco/pizza-order-processor/node_modules/node-rdkafka/build/deps 
DBG: Compile check strerror_r (HAVE_STRERROR_R): gcc  -g -O2 -fPIC -Wall -Wsign-compare -Wfloat-equal -Wpointer-arith -Wcast-align -Wall -Werror _mkltmpjtI71u.c -o _mkltmpjtI71u.c.o  -L/home/vnd/Documents/data/pyco/pizza-order-processor/node_modules/node-rdkafka/build/deps 
DBG: Compile check pthread_setname_gnu (HAVE_PTHREAD_SETNAME_GNU): gcc  -g -O2 -fPIC -Wall -Wsign-compare -Wfloat-equal -Wpointer-arith -Wcast-align -Wall -Werror _mkltmpclUKco.c -o _mkltmpclUKco.c.o  -L/home/vnd/Documents/data/pyco/pizza-order-processor/node_modules/node-rdkafka/build/deps -D_GNU_SOURCE -lpthread
